cuda
torch.Size([2048, 100])
torch.Size([100, 10])
Min: -14.579568862915039
Max: 12.063051223754883
Suggested Delta: 0.06858913600444794
Min: -14.480140686035156
Max: 9.7301664352417
Suggested Delta: 0.06906010210514069
Min: -11.83529281616211
Max: 10.800915718078613
Suggested Delta: 0.08449304848909378
Min: -8.68294620513916
Max: 9.398880004882812
Suggested Delta: 0.1063956543803215
Min: -8.186145782470703
Max: 7.668510913848877
Suggested Delta: 0.12215761095285416
Min: -11.962663650512695
Max: 12.777594566345215
Suggested Delta: 0.07826199382543564
Min: -168.72145080566406
Max: 199.96713256835938
Suggested Delta: 0.005000821780413389
