Architecture:                       x86_64
CPU op-mode(s):                     32-bit, 64-bit
Byte Order:                         Little Endian
Address sizes:                      46 bits physical, 48 bits virtual
CPU(s):                             32
On-line CPU(s) list:                0-31
Thread(s) per core:                 2
Core(s) per socket:                 8
Socket(s):                          2
NUMA node(s):                       2
Vendor ID:                          GenuineIntel
CPU family:                         6
Model:                              85
Model name:                         Intel(R) Xeon(R) Gold 6134 CPU @ 3.20GHz
Stepping:                           4
CPU MHz:                            1200.015
CPU max MHz:                        3700.0000
CPU min MHz:                        1200.0000
BogoMIPS:                           6400.00
Virtualization:                     VT-x
L1d cache:                          512 KiB
L1i cache:                          512 KiB
L2 cache:                           16 MiB
L3 cache:                           49.5 MiB
NUMA node0 CPU(s):                  0-7,16-23
NUMA node1 CPU(s):                  8-15,24-31
Vulnerability Gather data sampling: Mitigation; Microcode
Vulnerability Itlb multihit:        KVM: Mitigation: Split huge pages
Vulnerability L1tf:                 Mitigation; PTE Inversion; VMX vulnerable
Vulnerability Mds:                  Mitigation; Clear CPU buffers; SMT vulnerable
Vulnerability Meltdown:             Vulnerable
Vulnerability Mmio stale data:      Mitigation; Clear CPU buffers; SMT vulnerable
Vulnerability Retbleed:             Vulnerable
Vulnerability Spec store bypass:    Vulnerable
Vulnerability Spectre v1:           Mitigation; usercopy/swapgs barriers and __user pointer sanitization
Vulnerability Spectre v2:           Vulnerable, IBPB: disabled, STIBP: disabled, PBRSB-eIBRS: Not affected
Vulnerability Srbds:                Not affected
Vulnerability Tsx async abort:      Mitigation; Clear CPU buffers; SMT vulnerable
Flags:                              fpu vme de pse tsc msr pae mce cx8 apic sep mtrr pge mca cmov pat pse36 clflush dts acpi mmx fxsr sse sse2 ss ht tm pbe syscall nx pdpe1gb rdtscp lm constant_tsc art arch_perfmon pebs bts rep_good nopl xtopology nonstop_tsc cpuid aperfmperf pni pclmulqdq dtes64 monitor ds_cpl vmx smx est tm2 ssse3 sdbg fma cx16 xtpr pdcm pcid dca sse4_1 sse4_2 x2apic movbe popcnt tsc_deadline_timer aes xsave avx f16c rdrand lahf_lm abm 3dnowprefetch cpuid_fault epb cat_l3 cdp_l3 invpcid_single intel_ppin ssbd mba ibrs ibpb stibp tpr_shadow vnmi flexpriority ept vpid ept_ad fsgsbase tsc_adjust bmi1 hle avx2 smep bmi2 erms invpcid rtm cqm mpx rdt_a avx512f avx512dq rdseed adx smap clflushopt clwb intel_pt avx512cd avx512bw avx512vl xsaveopt xsavec xgetbv1 xsaves cqm_llc cqm_occup_llc cqm_mbm_total cqm_mbm_local dtherm ida arat pln pts hwp hwp_act_window hwp_epp hwp_pkg_req pku ospke md_clear flush_l1d arch_capabilities
Cuda error: out of memory /concrete/backends/concrete-cuda/implementation/src/device.cu 50
Stack dump without symbol names (ensure you have llvm-symbolizer in your PATH or set the environment var `LLVM_SYMBOLIZER_PATH` to point to it):
0  libLLVM-17git-0add3cf5.so          0x00007fe61264db51 llvm::sys::PrintStackTrace(llvm::raw_ostream&, int) + 225
1  libLLVM-17git-0add3cf5.so          0x00007fe61264b564
2  libc.so.6                          0x00007fe71d724090
3  libc.so.6                          0x00007fe71d72400b gsignal + 203
4  libc.so.6                          0x00007fe71d703859 abort + 299
5  libConcretelangRuntime-d22be2da.so 0x00007fe60ec4bd42
6  libConcretelangRuntime-d22be2da.so 0x00007fe60ec4beeb cuda_malloc_async + 123
7  libConcretelangRuntime-d22be2da.so 0x00007fe60ec6b679 void scratch_cuda_programmable_bootstrap<unsigned long>(void*, unsigned int, pbs_buffer<unsigned long, (PBS_TYPE)1>**, unsigned int, unsigned int, unsigned int, unsigned int, bool) + 249
8  libConcretelangRuntime-d22be2da.so 0x00007fe60eb6430e
9  libConcretelangRuntime-d22be2da.so 0x00007fe60eb5e064
10 libstdc++.so.6                     0x00007fe6caf0d793
11 libpthread.so.0                    0x00007fe71d6c6609
12 libc.so.6                          0x00007fe71d800353 clone + 67
PLEASE submit a bug report to https://github.com/llvm/llvm-project/issues/ and include the crash backtrace.
/var/spool/slurmd/job751561/slurm_script: line 13: 3667829 Aborted                 (core dumped) python Alexnet_CIFAR.py
