Files already downloaded and verified
Files already downloaded and verified
(10000, 3, 32, 32)
(50000, 3, 32, 32)
True
True
cuda
0
Test accuracy for fp32 weights and activations: 55.01%
1
Test accuracy for fp32 weights and activations: 60.94%
2
Test accuracy for fp32 weights and activations: 69.94%
3
Test accuracy for fp32 weights and activations: 74.20%
4
Test accuracy for fp32 weights and activations: 76.45%
5
Test accuracy for fp32 weights and activations: 78.07%
6
Test accuracy for fp32 weights and activations: 78.94%
7
Test accuracy for fp32 weights and activations: 80.40%
8
Test accuracy for fp32 weights and activations: 80.69%
9
Test accuracy for fp32 weights and activations: 82.62%
10
Test accuracy for fp32 weights and activations: 81.43%
11
Test accuracy for fp32 weights and activations: 82.05%
12
Test accuracy for fp32 weights and activations: 82.55%
13
Test accuracy for fp32 weights and activations: 82.71%
14
Test accuracy for fp32 weights and activations: 82.93%
15
Test accuracy for fp32 weights and activations: 82.55%
16
Test accuracy for fp32 weights and activations: 83.04%
17
Test accuracy for fp32 weights and activations: 83.71%
18
Test accuracy for fp32 weights and activations: 83.24%
19
Test accuracy for fp32 weights and activations: 82.71%
20
Test accuracy for fp32 weights and activations: 83.24%
21
Test accuracy for fp32 weights and activations: 83.73%
22
Test accuracy for fp32 weights and activations: 83.36%
23
Test accuracy for fp32 weights and activations: 82.67%
24
Test accuracy for fp32 weights and activations: 83.05%
25
Test accuracy for fp32 weights and activations: 83.15%
26
Test accuracy for fp32 weights and activations: 83.10%
27
Test accuracy for fp32 weights and activations: 82.97%
28
Test accuracy for fp32 weights and activations: 82.76%
29
Test accuracy for fp32 weights and activations: 83.59%
30
Test accuracy for fp32 weights and activations: 83.61%
31
Test accuracy for fp32 weights and activations: 83.87%
32
Test accuracy for fp32 weights and activations: 83.43%
33
Test accuracy for fp32 weights and activations: 83.15%
34
Test accuracy for fp32 weights and activations: 83.45%
